

***********************************************************************
Fatal NI connect error 12203, connecting to:
 (DESCRIPTION=(ADDRESS_LIST=(ADDRESS=(PROTOCOL=BEQ)(PROGRAM=oracle80)(ARGV0=oracle80ORCL)(ARGS='(DESCRIPTION=(LOCAL=YES)(ADDRESS=(PROTOCOL=beq)))')))(CONNECT_DATA=(SID=ORCL)(CID=(PROGRAM=C:\toad\TOAD\Toad.exe)(HOST=SIG_DEV01)(USER=Administrateur))))

  VERSION INFORMATION:
	TNS for 32-bit Windows: Version 8.0.5.0.0 - Production
	Oracle Bequeath NT Protocol Adapter for 32-bit Windows: Version 8.0.5.0.0 - Production
  Time: 12-OCT-05 17:54:09
  Tracing not turned on.
  Tns error struct:
    nr err code: 12203
    TNS-12203: TNS: connexion à la destination impossible
    ns main err code: 12560
    TNS-12560: TNS: erreur d'adaptateur de protocole
    ns secondary err code: 0
    nt main err code: 530
    TNS-00530: Erreur d'adaptateur de protocole
    nt secondary err code: 0
    nt OS err code: 0


***********************************************************************
Fatal NI connect error 12203, connecting to:
 (DESCRIPTION=(ADDRESS_LIST=(ADDRESS=(PROTOCOL=BEQ)(PROGRAM=oracle80)(ARGV0=oracle80ORCL)(ARGS='(DESCRIPTION=(LOCAL=YES)(ADDRESS=(PROTOCOL=beq)))')))(CONNECT_DATA=(SID=ORCL)(CID=(PROGRAM=C:\toad\TOAD\Toad.exe)(HOST=SIG_DEV01)(USER=Administrateur))))

  VERSION INFORMATION:
	TNS for 32-bit Windows: Version 8.0.5.0.0 - Production
	Oracle Bequeath NT Protocol Adapter for 32-bit Windows: Version 8.0.5.0.0 - Production
  Time: 12-OCT-05 17:54:09
  Tracing not turned on.
  Tns error struct:
    nr err code: 12203
    TNS-12203: TNS: connexion à la destination impossible
    ns main err code: 12560
    TNS-12560: TNS: erreur d'adaptateur de protocole
    ns secondary err code: 0
    nt main err code: 530
    TNS-00530: Erreur d'adaptateur de protocole
    nt secondary err code: 0
    nt OS err code: 0


***********************************************************************
Fatal NI connect error 12203, connecting to:
 (DESCRIPTION=(ADDRESS_LIST=(ADDRESS=(PROTOCOL=BEQ)(PROGRAM=oracle80)(ARGV0=oracle80ORCL)(ARGS='(DESCRIPTION=(LOCAL=YES)(ADDRESS=(PROTOCOL=beq)))')))(CONNECT_DATA=(SID=ORCL)(CID=(PROGRAM=C:\toad\TOAD\Toad.exe)(HOST=SIG_DEV01)(USER=Administrateur))))

  VERSION INFORMATION:
	TNS for 32-bit Windows: Version 8.0.5.0.0 - Production
	Oracle Bequeath NT Protocol Adapter for 32-bit Windows: Version 8.0.5.0.0 - Production
  Time: 13-OCT-05 16:37:36
  Tracing not turned on.
  Tns error struct:
    nr err code: 12203
    TNS-12203: TNS: connexion à la destination impossible
    ns main err code: 12560
    TNS-12560: TNS: erreur d'adaptateur de protocole
    ns secondary err code: 0
    nt main err code: 530
    TNS-00530: Erreur d'adaptateur de protocole
    nt secondary err code: 0
    nt OS err code: 0


***********************************************************************
Fatal NI connect error 12203, connecting to:
 (DESCRIPTION=(ADDRESS_LIST=(ADDRESS=(PROTOCOL=BEQ)(PROGRAM=oracle80)(ARGV0=oracle80ORCL)(ARGS='(DESCRIPTION=(LOCAL=YES)(ADDRESS=(PROTOCOL=beq)))')))(CONNECT_DATA=(SID=ORCL)(CID=(PROGRAM=C:\toad\TOAD\Toad.exe)(HOST=SIG_DEV01)(USER=Administrateur))))

  VERSION INFORMATION:
	TNS for 32-bit Windows: Version 8.0.5.0.0 - Production
	Oracle Bequeath NT Protocol Adapter for 32-bit Windows: Version 8.0.5.0.0 - Production
  Time: 13-OCT-05 16:37:44
  Tracing not turned on.
  Tns error struct:
    nr err code: 12203
    TNS-12203: TNS: connexion à la destination impossible
    ns main err code: 12560
    TNS-12560: TNS: erreur d'adaptateur de protocole
    ns secondary err code: 0
    nt main err code: 530
    TNS-00530: Erreur d'adaptateur de protocole
    nt secondary err code: 0
    nt OS err code: 0


***********************************************************************
Fatal NI connect error 12203, connecting to:
 (DESCRIPTION=(ADDRESS_LIST=(ADDRESS=(PROTOCOL=BEQ)(PROGRAM=oracle80)(ARGV0=oracle80ORCL)(ARGS='(DESCRIPTION=(LOCAL=YES)(ADDRESS=(PROTOCOL=beq)))')))(CONNECT_DATA=(SID=ORCL)(CID=(PROGRAM=C:\toad\TOAD\Toad.exe)(HOST=SIG_DEV01)(USER=Administrateur))))

  VERSION INFORMATION:
	TNS for 32-bit Windows: Version 8.0.5.0.0 - Production
	Oracle Bequeath NT Protocol Adapter for 32-bit Windows: Version 8.0.5.0.0 - Production
  Time: 13-OCT-05 16:37:50
  Tracing not turned on.
  Tns error struct:
    nr err code: 12203
    TNS-12203: TNS: connexion à la destination impossible
    ns main err code: 12560
    TNS-12560: TNS: erreur d'adaptateur de protocole
    ns secondary err code: 0
    nt main err code: 530
    TNS-00530: Erreur d'adaptateur de protocole
    nt secondary err code: 0
    nt OS err code: 0


***********************************************************************
Fatal NI connect error 12203, connecting to:
 (DESCRIPTION=(ADDRESS_LIST=(ADDRESS=(PROTOCOL=BEQ)(PROGRAM=oracle80)(ARGV0=oracle80ORCL)(ARGS='(DESCRIPTION=(LOCAL=YES)(ADDRESS=(PROTOCOL=beq)))')))(CONNECT_DATA=(SID=ORCL)(CID=(PROGRAM=C:\toad\TOAD\Toad.exe)(HOST=SIG_DEV01)(USER=Administrateur))))

  VERSION INFORMATION:
	TNS for 32-bit Windows: Version 8.0.5.0.0 - Production
	Oracle Bequeath NT Protocol Adapter for 32-bit Windows: Version 8.0.5.0.0 - Production
  Time: 13-OCT-05 16:37:55
  Tracing not turned on.
  Tns error struct:
    nr err code: 12203
    TNS-12203: TNS: connexion à la destination impossible
    ns main err code: 12560
    TNS-12560: TNS: erreur d'adaptateur de protocole
    ns secondary err code: 0
    nt main err code: 530
    TNS-00530: Erreur d'adaptateur de protocole
    nt secondary err code: 0
    nt OS err code: 0


***********************************************************************
Fatal NI connect error 12203, connecting to:
 (DESCRIPTION=(ADDRESS_LIST=(ADDRESS=(PROTOCOL=BEQ)(PROGRAM=oracle80)(ARGV0=oracle80ORCL)(ARGS='(DESCRIPTION=(LOCAL=YES)(ADDRESS=(PROTOCOL=beq)))')))(CONNECT_DATA=(SID=ORCL)(CID=(PROGRAM=C:\toad\TOAD\Toad.exe)(HOST=SIG_DEV01)(USER=Administrateur))))

  VERSION INFORMATION:
	TNS for 32-bit Windows: Version 8.0.5.0.0 - Production
	Oracle Bequeath NT Protocol Adapter for 32-bit Windows: Version 8.0.5.0.0 - Production
  Time: 13-OCT-05 16:37:55
  Tracing not turned on.
  Tns error struct:
    nr err code: 12203
    TNS-12203: TNS: connexion à la destination impossible
    ns main err code: 12560
    TNS-12560: TNS: erreur d'adaptateur de protocole
    ns secondary err code: 0
    nt main err code: 530
    TNS-00530: Erreur d'adaptateur de protocole
    nt secondary err code: 0
    nt OS err code: 0
